  Opgave 2.c
C:\Users\drost\source\repos\Windesheim\Leerjaar 1\Periode 1\Project digitaal\Programmeren\Week 2\Opgave 2\Opgave 2\Opgave 2.c(6,12): warning C4477: 'printf' : format string '%3d' requires an argument of type 'int', but variadic argument 1 has type 'size_t'
      C:\Users\drost\source\repos\Windesheim\Leerjaar 1\Periode 1\Project digitaal\Programmeren\Week 2\Opgave 2\Opgave 2\Opgave 2.c(6,12):
      consider using '%zd' in the format string
  
C:\Users\drost\source\repos\Windesheim\Leerjaar 1\Periode 1\Project digitaal\Programmeren\Week 2\Opgave 2\Opgave 2\Opgave 2.c(7,12): warning C4477: 'printf' : format string '%3d' requires an argument of type 'int', but variadic argument 1 has type 'size_t'
      C:\Users\drost\source\repos\Windesheim\Leerjaar 1\Periode 1\Project digitaal\Programmeren\Week 2\Opgave 2\Opgave 2\Opgave 2.c(7,12):
      consider using '%zd' in the format string
  
C:\Users\drost\source\repos\Windesheim\Leerjaar 1\Periode 1\Project digitaal\Programmeren\Week 2\Opgave 2\Opgave 2\Opgave 2.c(8,12): warning C4477: 'printf' : format string '%3d' requires an argument of type 'int', but variadic argument 1 has type 'size_t'
      C:\Users\drost\source\repos\Windesheim\Leerjaar 1\Periode 1\Project digitaal\Programmeren\Week 2\Opgave 2\Opgave 2\Opgave 2.c(8,12):
      consider using '%zd' in the format string
  
C:\Users\drost\source\repos\Windesheim\Leerjaar 1\Periode 1\Project digitaal\Programmeren\Week 2\Opgave 2\Opgave 2\Opgave 2.c(9,12): warning C4477: 'printf' : format string '%3d' requires an argument of type 'int', but variadic argument 1 has type 'size_t'
      C:\Users\drost\source\repos\Windesheim\Leerjaar 1\Periode 1\Project digitaal\Programmeren\Week 2\Opgave 2\Opgave 2\Opgave 2.c(9,12):
      consider using '%zd' in the format string
  
C:\Users\drost\source\repos\Windesheim\Leerjaar 1\Periode 1\Project digitaal\Programmeren\Week 2\Opgave 2\Opgave 2\Opgave 2.c(10,12): warning C4477: 'printf' : format string '%3d' requires an argument of type 'int', but variadic argument 1 has type 'size_t'
      C:\Users\drost\source\repos\Windesheim\Leerjaar 1\Periode 1\Project digitaal\Programmeren\Week 2\Opgave 2\Opgave 2\Opgave 2.c(10,12):
      consider using '%zd' in the format string
  
C:\Users\drost\source\repos\Windesheim\Leerjaar 1\Periode 1\Project digitaal\Programmeren\Week 2\Opgave 2\Opgave 2\Opgave 2.c(11,12): warning C4477: 'printf' : format string '%3d' requires an argument of type 'int', but variadic argument 1 has type 'size_t'
      C:\Users\drost\source\repos\Windesheim\Leerjaar 1\Periode 1\Project digitaal\Programmeren\Week 2\Opgave 2\Opgave 2\Opgave 2.c(11,12):
      consider using '%zd' in the format string
  
C:\Users\drost\source\repos\Windesheim\Leerjaar 1\Periode 1\Project digitaal\Programmeren\Week 2\Opgave 2\Opgave 2\Opgave 2.c(12,12): warning C4477: 'printf' : format string '%3d' requires an argument of type 'int', but variadic argument 1 has type 'size_t'
      C:\Users\drost\source\repos\Windesheim\Leerjaar 1\Periode 1\Project digitaal\Programmeren\Week 2\Opgave 2\Opgave 2\Opgave 2.c(12,12):
      consider using '%zd' in the format string
  
C:\Users\drost\source\repos\Windesheim\Leerjaar 1\Periode 1\Project digitaal\Programmeren\Week 2\Opgave 2\Opgave 2\Opgave 2.c(13,12): warning C4477: 'printf' : format string '%3d' requires an argument of type 'int', but variadic argument 1 has type 'size_t'
      C:\Users\drost\source\repos\Windesheim\Leerjaar 1\Periode 1\Project digitaal\Programmeren\Week 2\Opgave 2\Opgave 2\Opgave 2.c(13,12):
      consider using '%zd' in the format string
  
  Opgave 2.vcxproj -> C:\Users\drost\source\repos\Windesheim\Leerjaar 1\Periode 1\Project digitaal\Programmeren\Week 2\Opgave 2\x64\Debug\Opgave 2.exe
